#
# There is insufficient memory for the Java Runtime Environment to continue.
# Native memory allocation (malloc) failed to allocate 65872 bytes for Chunk::new
# Possible reasons:
#   The system is out of physical RAM or swap space
#   In 32 bit mode, the process size limit was hit
# Possible solutions:
#   Reduce memory load on the system
#   Increase physical memory or swap space
#   Check if swap backing store is full
#   Use 64 bit Java on a 64 bit OS
#   Decrease Java heap size (-Xmx/-Xms)
#   Decrease number of Java threads
#   Decrease Java thread stack sizes (-Xss)
#   Set larger code cache with -XX:ReservedCodeCacheSize=
# This output file may be truncated or incomplete.
#
#  Out of Memory Error (allocation.cpp:390), pid=1364, tid=9692
#
# JRE version: Java(TM) SE Runtime Environment (8.0_77-b03) (build 1.8.0_77-b03)
# Java VM: Java HotSpot(TM) 64-Bit Server VM (25.77-b03 mixed mode windows-amd64 compressed oops)
# Failed to write core dump. Minidumps are not enabled by default on client versions of Windows
#

---------------  T H R E A D  ---------------

Current thread (0x0000000015d18000):  JavaThread "C2 CompilerThread1" daemon [_thread_in_native, id=9692, stack(0x0000000017450000,0x0000000017550000)]

Stack: [0x0000000017450000,0x0000000017550000]
[error occurred during error reporting (printing stack bounds), id 0xc0000005]

Native frames: (J=compiled Java code, j=interpreted, Vv=VM code, C=native code)


Current CompileTask:
C2:  22481  996       4       sun.net.www.ParseUtil::encodePath (336 bytes)


---------------  P R O C E S S  ---------------

Java Threads: ( => current thread )
  0x0000000018e7b800 JavaThread "Exec Stream Pumper" daemon [_thread_in_native, id=2044, stack(0x0000000019e70000,0x0000000019f70000)]
  0x0000000018376000 JavaThread "Exec Stream Pumper" daemon [_thread_in_native, id=1752, stack(0x0000000019d70000,0x0000000019e70000)]
  0x00000000180ed000 JavaThread "Exec Default Executor" daemon [_thread_in_native, id=12096, stack(0x0000000019c70000,0x0000000019d70000)]
  0x0000000017576000 JavaThread "Service Thread" daemon [_thread_blocked, id=7180, stack(0x0000000017a50000,0x0000000017b50000)]
  0x0000000017558800 JavaThread "C1 CompilerThread2" daemon [_thread_blocked, id=10424, stack(0x0000000017950000,0x0000000017a50000)]
=>0x0000000015d18000 JavaThread "C2 CompilerThread1" daemon [_thread_in_native, id=9692, stack(0x0000000017450000,0x0000000017550000)]
  0x0000000015d10000 JavaThread "C2 CompilerThread0" daemon [_thread_blocked, id=6228, stack(0x0000000017350000,0x0000000017450000)]
  0x0000000015d0d800 JavaThread "Attach Listener" daemon [_thread_blocked, id=6424, stack(0x0000000017250000,0x0000000017350000)]
  0x0000000015d0c800 JavaThread "Signal Dispatcher" daemon [_thread_blocked, id=10560, stack(0x0000000017150000,0x0000000017250000)]
  0x000000000254b800 JavaThread "Finalizer" daemon [_thread_blocked, id=9408, stack(0x0000000016f70000,0x0000000017070000)]
  0x0000000015cd9000 JavaThread "Reference Handler" daemon [_thread_blocked, id=11476, stack(0x0000000016e70000,0x0000000016f70000)]
  0x0000000002452800 JavaThread "Forwarding newSession on session null to remote" [_thread_in_vm, id=10420, stack(0x0000000002350000,0x0000000002450000)]

Other Threads:
  0x0000000015cd7000 VMThread [stack: 0x0000000016d70000,0x0000000016e70000] [id=5472]
  0x000000001758b800 WatcherThread [stack: 0x0000000017b50000,0x0000000017c50000] [id=9208]

VM state:not at safepoint (normal execution)

VM Mutex/Monitor currently owned by a thread: None

Heap:
 PSYoungGen      total 28160K, used 10919K [0x00000000e1100000, 0x00000000e3000000, 0x0000000100000000)
  eden space 24576K, 29% used [0x00000000e1100000,0x00000000e182dfa0,0x00000000e2900000)
  from space 3584K, 99% used [0x00000000e2900000,0x00000000e2c7c040,0x00000000e2c80000)
  to   space 3584K, 0% used [0x00000000e2c80000,0x00000000e2c80000,0x00000000e3000000)
 ParOldGen       total 64512K, used 1961K [0x00000000a3200000, 0x00000000a7100000, 0x00000000e1100000)
  object space 64512K, 3% used [0x00000000a3200000,0x00000000a33ea438,0x00000000a7100000)
 Metaspace       used 12775K, capacity 13022K, committed 13312K, reserved 1062912K
  class space    used 1608K, capacity 1668K, committed 1792K, reserved 1048576K

Card table byte_map: [0x0000000011910000,0x0000000011c00000] byte_map_base: 0x00000000113f7000

Marking Bits: (ParMarkBitMap*) 0x000000006c620600
 Begin Bits: [0x00000000121f0000, 0x0000000013928000)
 End Bits:   [0x0000000013928000, 0x0000000015060000)

Polling page: 0x0000000000bc0000

CodeCache: size=245760Kb used=3704Kb max_used=3719Kb free=242055Kb
 bounds [0x0000000002550000, 0x0000000002900000, 0x0000000011550000]
 total_blobs=1361 nmethods=996 adapters=278
 compilation: enabled

Compilation events (10 events):
Event: 19.640 Thread 0x0000000017558800  992       3       java.lang.StringBuilder::append (8 bytes)
Event: 19.640 Thread 0x0000000017558800 nmethod 992 0x00000000028ea7d0 code [0x00000000028ea940, 0x00000000028eaac8]
Event: 22.345 Thread 0x0000000017558800  993       3       java.util.regex.Pattern$GroupHead::match (47 bytes)
Event: 22.345 Thread 0x0000000017558800 nmethod 993 0x00000000028ea1d0 code [0x00000000028ea340, 0x00000000028ea5e8]
Event: 22.345 Thread 0x0000000017558800  994       3       java.util.regex.Matcher::group (112 bytes)
Event: 22.346 Thread 0x0000000017558800 nmethod 994 0x00000000028ecad0 code [0x00000000028ecd00, 0x00000000028eda88]
Event: 22.346 Thread 0x0000000017558800  995       3       java.util.regex.Matcher::groupCount (10 bytes)
Event: 22.346 Thread 0x0000000017558800 nmethod 995 0x00000000028e9e90 code [0x00000000028e9fe0, 0x00000000028ea130]
Event: 22.348 Thread 0x0000000015d18000  996       4       sun.net.www.ParseUtil::encodePath (336 bytes)
Event: 22.392 Thread 0x0000000015d10000  997       4       sun.misc.URLClassPath::getResource (83 bytes)

GC Heap History (2 events):
Event: 1.868 GC heap before
{Heap before GC invocations=1 (full 0):
 PSYoungGen      total 28160K, used 24576K [0x00000000e1100000, 0x00000000e3000000, 0x0000000100000000)
  eden space 24576K, 100% used [0x00000000e1100000,0x00000000e2900000,0x00000000e2900000)
  from space 3584K, 0% used [0x00000000e2c80000,0x00000000e2c80000,0x00000000e3000000)
  to   space 3584K, 0% used [0x00000000e2900000,0x00000000e2900000,0x00000000e2c80000)
 ParOldGen       total 64512K, used 0K [0x00000000a3200000, 0x00000000a7100000, 0x00000000e1100000)
  object space 64512K, 0% used [0x00000000a3200000,0x00000000a3200000,0x00000000a7100000)
 Metaspace       used 11435K, capacity 11608K, committed 11776K, reserved 1058816K
  class space    used 1409K, capacity 1475K, committed 1536K, reserved 1048576K
Event: 1.876 GC heap after
Heap after GC invocations=1 (full 0):
 PSYoungGen      total 28160K, used 3568K [0x00000000e1100000, 0x00000000e3000000, 0x0000000100000000)
  eden space 24576K, 0% used [0x00000000e1100000,0x00000000e1100000,0x00000000e2900000)
  from space 3584K, 99% used [0x00000000e2900000,0x00000000e2c7c040,0x00000000e2c80000)
  to   space 3584K, 0% used [0x00000000e2c80000,0x00000000e2c80000,0x00000000e3000000)
 ParOldGen       total 64512K, used 1961K [0x00000000a3200000, 0x00000000a7100000, 0x00000000e1100000)
  object space 64512K, 3% used [0x00000000a3200000,0x00000000a33ea438,0x00000000a7100000)
 Metaspace       used 11435K, capacity 11608K, committed 11776K, reserved 1058816K
  class space    used 1409K, capacity 1475K, committed 1536K, reserved 1048576K
}

Deoptimization events (9 events):
Event: 1.004 Thread 0x0000000002452800 Uncommon trap: reason=unstable_if action=reinterpret pc=0x00000000026e36b8 method=sun.misc.URLClassPath.getLoader(I)Lsun/misc/URLClassPath$Loader; @ 36
Event: 1.075 Thread 0x0000000002452800 Uncommon trap: reason=unstable_if action=reinterpret pc=0x0000000002747a24 method=java.lang.AbstractStringBuilder.append(Ljava/lang/String;)Ljava/lang/AbstractStringBuilder; @ 1
Event: 1.077 Thread 0x0000000002452800 Uncommon trap: reason=unstable_if action=reinterpret pc=0x000000000271ea18 method=sun.misc.MetaIndex.mayContain(Ljava/lang/String;)Z @ 38
Event: 1.678 Thread 0x0000000002452800 Uncommon trap: reason=unstable_if action=reinterpret pc=0x00000000027b30d4 method=java.lang.CharacterDataLatin1.digit(II)I @ 82
Event: 1.681 Thread 0x0000000002452800 Uncommon trap: reason=unstable_if action=reinterpret pc=0x00000000027bd3b0 method=java.util.regex.Pattern$BmpCharProperty.match(Ljava/util/regex/Matcher;ILjava/lang/CharSequence;)Z @ 5
Event: 1.973 Thread 0x0000000002452800 Uncommon trap: reason=unstable_if action=reinterpret pc=0x00000000026de384 method=java.lang.String.replace(CC)Ljava/lang/String; @ 2
Event: 1.989 Thread 0x0000000002452800 Uncommon trap: reason=predicate action=maybe_recompile pc=0x000000000289b220 method=sun.net.www.ParseUtil.encodePath(Ljava/lang/String;Z)Ljava/lang/String; @ 36
Event: 11.868 Thread 0x0000000018376000 Uncommon trap: reason=unstable_if action=reinterpret pc=0x00000000028e608c method=org.openqa.selenium.io.CircularOutputStream.write(I)V @ 9
Event: 11.935 Thread 0x0000000018376000 Uncommon trap: reason=unstable_if action=reinterpret pc=0x00000000028daa50 method=org.openqa.selenium.io.CircularOutputStream.write(I)V @ 52

Internal exceptions (10 events):
Event: 11.822 Thread 0x0000000002452800 Exception <a 'java/net/ConnectException': Connection refused: connect> (0x00000000e14cc240) thrown at [D:\re\workspace\8-2-build-windows-amd64-cygwin\jdk8u77\6540\hotspot\src\share\vm\prims\jni.cpp, line 735]
Event: 12.925 Thread 0x0000000002452800 Exception <a 'java/net/ConnectException': Connection refused: connect> (0x00000000e14cd6a0) thrown at [D:\re\workspace\8-2-build-windows-amd64-cygwin\jdk8u77\6540\hotspot\src\share\vm\prims\jni.cpp, line 735]
Event: 14.027 Thread 0x0000000002452800 Exception <a 'java/net/ConnectException': Connection refused: connect> (0x00000000e14ceb00) thrown at [D:\re\workspace\8-2-build-windows-amd64-cygwin\jdk8u77\6540\hotspot\src\share\vm\prims\jni.cpp, line 735]
Event: 15.132 Thread 0x0000000002452800 Exception <a 'java/net/ConnectException': Connection refused: connect> (0x00000000e14d0748) thrown at [D:\re\workspace\8-2-build-windows-amd64-cygwin\jdk8u77\6540\hotspot\src\share\vm\prims\jni.cpp, line 735]
Event: 16.234 Thread 0x0000000002452800 Exception <a 'java/net/ConnectException': Connection refused: connect> (0x00000000e14d1ba8) thrown at [D:\re\workspace\8-2-build-windows-amd64-cygwin\jdk8u77\6540\hotspot\src\share\vm\prims\jni.cpp, line 735]
Event: 17.335 Thread 0x0000000002452800 Exception <a 'java/net/ConnectException': Connection refused: connect> (0x00000000e14d3008) thrown at [D:\re\workspace\8-2-build-windows-amd64-cygwin\jdk8u77\6540\hotspot\src\share\vm\prims\jni.cpp, line 735]
Event: 18.437 Thread 0x0000000002452800 Exception <a 'java/net/ConnectException': Connection refused: connect> (0x00000000e14d4468) thrown at [D:\re\workspace\8-2-build-windows-amd64-cygwin\jdk8u77\6540\hotspot\src\share\vm\prims\jni.cpp, line 735]
Event: 19.539 Thread 0x0000000002452800 Exception <a 'java/net/ConnectException': Connection refused: connect> (0x00000000e14d58c8) thrown at [D:\re\workspace\8-2-build-windows-amd64-cygwin\jdk8u77\6540\hotspot\src\share\vm\prims\jni.cpp, line 735]
Event: 20.641 Thread 0x0000000002452800 Exception <a 'java/net/ConnectException': Connection refused: connect> (0x00000000e14d6d28) thrown at [D:\re\workspace\8-2-build-windows-amd64-cygwin\jdk8u77\6540\hotspot\src\share\vm\prims\jni.cpp, line 735]
Event: 21.742 Thread 0x0000000002452800 Exception <a 'java/net/ConnectException': Connection refused: connect> (0x00000000e14d8188) thrown at [D:\re\workspace\8-2-build-windows-amd64-cygwin\jdk8u77\6540\hotspot\src\share\vm\prims\jni.cpp, line 735]

Events (10 events):
Event: 22.392 loading class com/google/common/collect/Maps$IteratorBasedAbstractMap$1
Event: 22.392 loading class com/google/common/collect/Maps$IteratorBasedAbstractMap$1 done
Event: 22.392 loading class com/google/common/collect/Maps$11
Event: 22.392 loading class com/google/common/collect/Maps$11 done
Event: 22.392 loading class com/google/common/collect/Iterators$8
Event: 22.392 loading class com/google/common/collect/Iterators$8 done
Event: 22.393 loading class com/google/common/collect/TransformedIterator
Event: 22.393 loading class com/google/common/collect/TransformedIterator done
Event: 22.393 loading class com/google/common/collect/Maps$10
Event: 22.393 loading class com/google/common/collect/Maps$10 done


Dynamic libraries:
0x00007ff733d40000 - 0x00007ff733d77000 	C:\Program Files\Java\jre1.8.0_77\bin\javaw.exe
0x00007ffaf6af0000 - 0x00007ffaf6cb1000 	C:\WINDOWS\SYSTEM32\ntdll.dll
0x00007ffaf4880000 - 0x00007ffaf492d000 	C:\WINDOWS\system32\KERNEL32.DLL
0x00007ffaf3ca0000 - 0x00007ffaf3e88000 	C:\WINDOWS\system32\KERNELBASE.dll
0x00007ffaf4ae0000 - 0x00007ffaf4b87000 	C:\WINDOWS\system32\ADVAPI32.dll
0x00007ffaf4360000 - 0x00007ffaf43fd000 	C:\WINDOWS\system32\msvcrt.dll
0x00007ffaf3f70000 - 0x00007ffaf3fcb000 	C:\WINDOWS\system32\sechost.dll
0x00007ffaf4c10000 - 0x00007ffaf4d2c000 	C:\WINDOWS\system32\RPCRT4.dll
0x00007ffaf41f0000 - 0x00007ffaf4346000 	C:\WINDOWS\system32\USER32.dll
0x00007ffaf67d0000 - 0x00007ffaf6956000 	C:\WINDOWS\system32\GDI32.dll
0x00007ffae80c0000 - 0x00007ffae8334000 	C:\WINDOWS\WinSxS\amd64_microsoft.windows.common-controls_6595b64144ccf1df_6.0.10586.494_none_a2d8b04ea53e3145\COMCTL32.dll
0x00007ffaf4600000 - 0x00007ffaf487d000 	C:\WINDOWS\system32\combase.dll
0x00007ffaf3c30000 - 0x00007ffaf3c9a000 	C:\WINDOWS\system32\bcryptPrimitives.dll
0x00007ffaf6ab0000 - 0x00007ffaf6aeb000 	C:\WINDOWS\system32\IMM32.DLL
0x000000006b7a0000 - 0x000000006b872000 	C:\Program Files\Java\jre1.8.0_77\bin\msvcr100.dll
0x000000006be10000 - 0x000000006c6a0000 	C:\Program Files\Java\jre1.8.0_77\bin\server\jvm.dll
0x00007ffaf6960000 - 0x00007ffaf6968000 	C:\WINDOWS\system32\PSAPI.DLL
0x00007ffae8fc0000 - 0x00007ffae8fc9000 	C:\WINDOWS\SYSTEM32\WSOCK32.dll
0x00007ffaf6970000 - 0x00007ffaf69db000 	C:\WINDOWS\system32\WS2_32.dll
0x00007ffaf1640000 - 0x00007ffaf1663000 	C:\WINDOWS\SYSTEM32\WINMM.dll
0x00007ffaea680000 - 0x00007ffaea68a000 	C:\WINDOWS\SYSTEM32\VERSION.dll
0x0000000000b90000 - 0x0000000000bbc000 	C:\WINDOWS\SYSTEM32\WINMMBASE.dll
0x00007ffaf3230000 - 0x00007ffaf3273000 	C:\WINDOWS\system32\cfgmgr32.dll
0x000000006c870000 - 0x000000006c87f000 	C:\Program Files\Java\jre1.8.0_77\bin\verify.dll
0x000000006c730000 - 0x000000006c759000 	C:\Program Files\Java\jre1.8.0_77\bin\java.dll
0x000000006c850000 - 0x000000006c866000 	C:\Program Files\Java\jre1.8.0_77\bin\zip.dll
0x00007ffaf5270000 - 0x00007ffaf67cc000 	C:\WINDOWS\system32\SHELL32.dll
0x00007ffaf35c0000 - 0x00007ffaf3c05000 	C:\WINDOWS\system32\windows.storage.dll
0x00007ffaf4b90000 - 0x00007ffaf4be2000 	C:\WINDOWS\system32\shlwapi.dll
0x00007ffaf3190000 - 0x00007ffaf319f000 	C:\WINDOWS\system32\kernel.appcore.dll
0x00007ffaf3330000 - 0x00007ffaf33e5000 	C:\WINDOWS\system32\shcore.dll
0x00007ffaf3140000 - 0x00007ffaf318b000 	C:\WINDOWS\system32\powrprof.dll
0x00007ffaf3110000 - 0x00007ffaf3124000 	C:\WINDOWS\system32\profapi.dll
0x000000006c710000 - 0x000000006c72a000 	C:\Program Files\Java\jre1.8.0_77\bin\net.dll
0x00007ffaf2a40000 - 0x00007ffaf2a9c000 	C:\WINDOWS\system32\mswsock.dll
0x00007ffaf1a90000 - 0x00007ffaf1b3a000 	C:\WINDOWS\SYSTEM32\DNSAPI.dll
0x00007ffaf4350000 - 0x00007ffaf4358000 	C:\WINDOWS\system32\NSI.dll
0x000000006e040000 - 0x000000006e066000 	C:\Program Files\Bonjour\mdnsNSP.dll
0x00007ffaf0ed0000 - 0x00007ffaf0f08000 	C:\WINDOWS\SYSTEM32\Iphlpapi.DLL
0x00007ffae9aa0000 - 0x00007ffae9aaa000 	C:\Windows\System32\rasadhlp.dll
0x00007ffaebdd0000 - 0x00007ffaebe37000 	C:\WINDOWS\System32\fwpuclnt.dll
0x00007ffaf2d10000 - 0x00007ffaf2d39000 	C:\WINDOWS\SYSTEM32\bcrypt.dll
0x00007ffaefb80000 - 0x00007ffaefb96000 	C:\WINDOWS\SYSTEM32\dhcpcsvc6.DLL
0x00007ffaefb60000 - 0x00007ffaefb7a000 	C:\WINDOWS\SYSTEM32\dhcpcsvc.DLL
0x00007ffaf2af0000 - 0x00007ffaf2b07000 	C:\WINDOWS\SYSTEM32\CRYPTSP.dll
0x00007ffaf2780000 - 0x00007ffaf27b4000 	C:\WINDOWS\system32\rsaenh.dll
0x00007ffaf28d0000 - 0x00007ffaf28ef000 	C:\WINDOWS\SYSTEM32\USERENV.dll
0x00007ffaf2c10000 - 0x00007ffaf2c1b000 	C:\WINDOWS\SYSTEM32\CRYPTBASE.dll
0x000000006c6f0000 - 0x000000006c701000 	C:\Program Files\Java\jre1.8.0_77\bin\nio.dll
0x000000006bde0000 - 0x000000006be04000 	C:\Program Files\Java\jre1.8.0_77\bin\sunec.dll

VM Arguments:
jvm_args: -Dfile.encoding=Cp1252 
java_command: exeEngineAmazon
java_class_path (initial): C:\Users\Rita\Desktop\SeleniumAmazon\bin;C:\Users\Rita\Downloads\selenium-java-2.53.1\selenium-2.53.1\libs\apache-mime4j-0.6.jar;C:\Users\Rita\Downloads\selenium-java-2.53.1\selenium-2.53.1\libs\bsh-2.0b4.jar;C:\Users\Rita\Downloads\selenium-java-2.53.1\selenium-2.53.1\libs\cglib-nodep-2.1_3.jar;C:\Users\Rita\Downloads\selenium-java-2.53.1\selenium-2.53.1\libs\commons-codec-1.10.jar;C:\Users\Rita\Downloads\selenium-java-2.53.1\selenium-2.53.1\libs\commons-exec-1.3.jar;C:\Users\Rita\Downloads\selenium-java-2.53.1\selenium-2.53.1\libs\commons-io-2.4.jar;C:\Users\Rita\Downloads\selenium-java-2.53.1\selenium-2.53.1\libs\commons-logging-1.2.jar;C:\Users\Rita\Downloads\selenium-java-2.53.1\selenium-2.53.1\libs\gson-2.3.1.jar;C:\Users\Rita\Downloads\selenium-java-2.53.1\selenium-2.53.1\libs\guava-19.0.jar;C:\Users\Rita\Downloads\selenium-java-2.53.1\selenium-2.53.1\libs\hamcrest-core-1.3.jar;C:\Users\Rita\Downloads\selenium-java-2.53.1\selenium-2.53.1\libs\hamcrest-library-1.3.jar;C:\Users\Rita\Downloads\selenium-java-2.53.1\selenium-2.53.1\libs\httpclient-4.5.1.jar;C:\Users\Rita\Downloads\selenium-java-2.53.1\selenium-2.53.1\libs\httpcore-4.4.3.jar;C:\Users\Rita\Downloads\selenium-java-2.53.1\selenium-2.53.1\libs\httpmime-4.5.jar;C:\Users\Rita\Downloads\selenium-java-2.53.1\selenium-2.53.1\libs\jcommander-1.48.jar;C:\Users\Rita\Downloads\selenium-java-2.53.1\selenium-2.53.1\libs\jna-4.1.0.jar;C:\Users\Rita\Downloads\selenium-java-2.53.1\selenium-2.53.1\libs\jna-platform-4.1.0.jar;C:\Users\Rita\Downloads\selenium-java-2.53.1\selenium-2.53.1\libs\junit-4.12.jar;C:\Users\Rita\Downloads\selenium-java-2.53.1\selenium-2.53.1\libs\netty-3.5.7.Final.jar;C:\Users\Rita\Downloads\selenium-java-2.53.1\selenium-2.53.1\libs\phantomjsdriver-1.2.1.jar;C:\Users\Rita\Downloads\selenium-java-2.53.1\selenium-2.53.1\libs\testng-6.9.9.jar;C:\Users\Rita\Downloads\poi-bin-3.14\poi-3.14\poi-3.14-20160307.jar;C:\Users\Rita\Downloads\poi-bin-3.14\poi-3.14\poi-examples-3
Launcher Type: SUN_STANDARD

Environment Variables:
JAVA_HOME=C:\Java\jdk1.7.0_67
PATH=C:/Program Files/Java/jre1.8.0_77/bin/server;C:/Program Files/Java/jre1.8.0_77/bin;C:/Program Files/Java/jre1.8.0_77/lib/amd64;C:\ProgramData\Oracle\Java\javapath;C:\Program Files (x86)\Intel\iCLS Client\;C:\Program Files\Intel\iCLS Client\;C:\WINDOWS\system32;C:\WINDOWS;C:\WINDOWS\System32\Wbem;C:\WINDOWS\System32\WindowsPowerShell\v1.0\;C:\Program Files (x86)\EgisTec MyWinLocker\x64;C:\Program Files (x86)\EgisTec MyWinLocker\;C:\Program Files (x86)\Intel\OpenCL SDK\2.0\bin\x86;C:\Program Files (x86)\Intel\OpenCL SDK\2.0\bin\x64;C:\Program Files\Intel\Intel(R) Management Engine Components\DAL;C:\Program Files\Intel\Intel(R) Management Engine Components\IPT;C:\Program Files (x86)\Intel\Intel(R) Management Engine Components\DAL;C:\Program Files (x86)\Intel\Intel(R) Management Engine Components\IPT;C:\Program Files (x86)\Skype\Phone\;C:\apache-ant-1.9.7\bin;C:\apache-maven-3.3.9\bin;C:\Java\jdk1.7.0_67\bin;C:\Users\Rita\Downloads\android-sdk_r24.4.1-windows\android-sdk-windows\tools;C:\Users\Rita\Downloads\android-sdk_r24.4.1-windows\android-sdk-windows\platforms;C:\Users\Rita\Downloads\android-sdk_r24.4.1-windows\android-sdk-windows\platform-tools;C:\Program Files\nodejs\;C:\Users\Rita\AppData\Roaming\npm;C:\Users\Rita\Downloads\eclipse-java-mars-R-win32-x86_64\eclipse;
USERNAME=Rita
OS=Windows_NT
PROCESSOR_IDENTIFIER=Intel64 Family 6 Model 58 Stepping 9, GenuineIntel



---------------  S Y S T E M  ---------------

OS: Windows 10.0 , 64 bit Build 10586 (10.0.10586.0)

CPU:total 4 (2 cores per cpu, 2 threads per core) family 6 model 58 stepping 9, cmov, cx8, fxsr, mmx, sse, sse2, sse3, ssse3, sse4.1, sse4.2, popcnt, avx, clmul, erms, ht, tsc, tscinvbit, tscinv

Memory: 4k page, physical 6082148k(1152232k free), swap 7105124k(2720k free)

vm_info: Java HotSpot(TM) 64-Bit Server VM (25.77-b03) for windows-amd64 JRE (1.8.0_77-b03), built on Mar 20 2016 22:01:33 by "java_re" with MS VC++ 10.0 (VS2010)

time: Sat Jul 16 03:03:33 2016
elapsed time: 22 seconds (0d 0h 0m 22s)

